<?xml version="1.0" encoding="UTF-8"?>
<testsuite name="SynchronousQueueTest" tests="1" skipped="0" failures="0" errors="0" timestamp="2019-11-17T18:46:49" hostname="MacBook-Pro-3.local" time="443.309">
  <properties/>
  <testcase name="runTest" classname="SynchronousQueueTest" time="443.309"/>
  <system-out><![CDATA[
= Iteration 1 / 200 =
Execution scenario (parallel part):
| send(2)  | send(6)   | receive() |
| send(-6) | send(-8)  | receive() |
| send(1)  | receive() | send(4)   |
Execution scenario (post part):
[]

= Iteration 2 / 200 =
Execution scenario (parallel part):
| send(-8)  | receive() | receive() |
| receive() | send(5)   | send(-4)  |
| send(-8)  | send(-2)  | receive() |
Execution scenario (post part):
[]

= Iteration 3 / 200 =
Execution scenario (parallel part):
| send(-8)  | receive() | receive() |
| receive() | receive() | receive() |
| receive() | send(4)   | receive() |
Execution scenario (post part):
[]

= Iteration 4 / 200 =
Execution scenario (parallel part):
| receive() | send(6) | receive() |
| send(1)   | send(4) | receive() |
| receive() | send(0) | receive() |
Execution scenario (post part):
[]

= Iteration 5 / 200 =
Execution scenario (parallel part):
| receive() | receive() | send(-10) |
| send(10)  | send(4)   | send(-9)  |
| receive() | send(-7)  | send(7)   |
Execution scenario (post part):
[]

= Iteration 6 / 200 =
Execution scenario (parallel part):
| send(1)   | send(-8)  | send(6)  |
| send(-4)  | receive() | send(9)  |
| receive() | send(-1)  | send(10) |
Execution scenario (post part):
[]

= Iteration 7 / 200 =
Execution scenario (parallel part):
| send(4)  | send(7)   | receive() |
| send(-8) | receive() | receive() |
| send(4)  | receive() | send(1)   |
Execution scenario (post part):
[]

= Iteration 8 / 200 =
Execution scenario (parallel part):
| send(7)   | send(-7)  | receive() |
| receive() | receive() | receive() |
| receive() | receive() | send(4)   |
Execution scenario (post part):
[]

= Iteration 9 / 200 =
Execution scenario (parallel part):
| receive() | send(0)   | receive() |
| send(5)   | receive() | send(4)   |
| send(9)   | send(7)   | send(4)   |
Execution scenario (post part):
[]

= Iteration 10 / 200 =
Execution scenario (parallel part):
| send(3)   | send(5)   | send(9)   |
| send(-3)  | receive() | receive() |
| receive() | receive() | receive() |
Execution scenario (post part):
[]

= Iteration 11 / 200 =
Execution scenario (parallel part):
| send(3)   | receive() | receive() |
| receive() | send(-10) | receive() |
| send(-3)  | send(-4)  | send(10)  |
Execution scenario (post part):
[]

= Iteration 12 / 200 =
Execution scenario (parallel part):
| send(2) | receive() | receive() |
| send(8) | receive() | send(0)   |
| send(0) | receive() | send(1)   |
Execution scenario (post part):
[]

= Iteration 13 / 200 =
Execution scenario (parallel part):
| receive() | send(-1)  | send(6)  |
| receive() | send(4)   | send(9)  |
| send(3)   | receive() | send(-4) |
Execution scenario (post part):
[]

= Iteration 14 / 200 =
Execution scenario (parallel part):
| receive() | receive() | receive() |
| send(2)   | receive() | send(-4)  |
| send(3)   | send(-5)  | receive() |
Execution scenario (post part):
[]

= Iteration 15 / 200 =
Execution scenario (parallel part):
| send(0)   | send(-7)  | receive() |
| receive() | receive() | receive() |
| send(7)   | receive() | send(-3)  |
Execution scenario (post part):
[]

= Iteration 16 / 200 =
Execution scenario (parallel part):
| send(10)  | send(7)   | send(-8)  |
| send(-4)  | send(1)   | receive() |
| receive() | receive() | send(-7)  |
Execution scenario (post part):
[]

= Iteration 17 / 200 =
Execution scenario (parallel part):
| receive() | receive() | receive() |
| receive() | receive() | receive() |
| send(-3)  | receive() | send(0)   |
Execution scenario (post part):
[]

= Iteration 18 / 200 =
Execution scenario (parallel part):
| receive() | send(9)   | send(-4)  |
| send(-1)  | send(-9)  | receive() |
| receive() | receive() | send(2)   |
Execution scenario (post part):
[]

= Iteration 19 / 200 =
Execution scenario (parallel part):
| send(8)   | send(6)   | receive() |
| receive() | receive() | receive() |
| receive() | send(-3)  | receive() |
Execution scenario (post part):
[]

= Iteration 20 / 200 =
Execution scenario (parallel part):
| send(-4)  | send(-6) | send(-7)  |
| receive() | send(3)  | receive() |
| send(-4)  | send(-1) | receive() |
Execution scenario (post part):
[]

= Iteration 21 / 200 =
Execution scenario (parallel part):
| send(4)  | receive() | receive() |
| send(-3) | send(-4)  | send(-7)  |
| send(-4) | send(-1)  | send(-2)  |
Execution scenario (post part):
[]

= Iteration 22 / 200 =
Execution scenario (parallel part):
| receive() | receive() | send(-1)  |
| send(10)  | receive() | receive() |
| receive() | send(7)   | receive() |
Execution scenario (post part):
[]

= Iteration 23 / 200 =
Execution scenario (parallel part):
| send(-4)  | receive() | receive() |
| receive() | receive() | send(0)   |
| send(-4)  | receive() | receive() |
Execution scenario (post part):
[]

= Iteration 24 / 200 =
Execution scenario (parallel part):
| receive() | receive() | send(8)   |
| send(-1)  | send(0)   | send(-6)  |
| send(1)   | send(3)   | receive() |
Execution scenario (post part):
[]

= Iteration 25 / 200 =
Execution scenario (parallel part):
| receive() | send(9) | receive() |
| receive() | send(6) | receive() |
| receive() | send(6) | receive() |
Execution scenario (post part):
[]

= Iteration 26 / 200 =
Execution scenario (parallel part):
| send(5)   | receive() | receive() |
| send(-9)  | send(-4)  | receive() |
| receive() | receive() | receive() |
Execution scenario (post part):
[]

= Iteration 27 / 200 =
Execution scenario (parallel part):
| send(-10) | receive() | receive() |
| send(-10) | receive() | receive() |
| send(-8)  | receive() | send(-5)  |
Execution scenario (post part):
[]

= Iteration 28 / 200 =
Execution scenario (parallel part):
| send(0)   | send(-3)  | send(-2) |
| send(-6)  | receive() | send(1)  |
| receive() | receive() | send(3)  |
Execution scenario (post part):
[]

= Iteration 29 / 200 =
Execution scenario (parallel part):
| send(8)   | send(-1) | send(-5)  |
| receive() | send(2)  | receive() |
| receive() | send(7)  | send(-6)  |
Execution scenario (post part):
[]

= Iteration 30 / 200 =
Execution scenario (parallel part):
| send(0)   | send(10) | receive() |
| send(7)   | send(-9) | send(-4)  |
| receive() | send(3)  | receive() |
Execution scenario (post part):
[]

= Iteration 31 / 200 =
Execution scenario (parallel part):
| receive() | send(-5)  | send(1)   |
| receive() | receive() | receive() |
| receive() | send(4)   | send(-6)  |
Execution scenario (post part):
[]

= Iteration 32 / 200 =
Execution scenario (parallel part):
| receive() | send(6)   | send(-1) |
| receive() | send(-8)  | send(7)  |
| receive() | receive() | send(-5) |
Execution scenario (post part):
[]

= Iteration 33 / 200 =
Execution scenario (parallel part):
| receive() | receive() | send(3)  |
| send(-6)  | receive() | send(10) |
| send(10)  | receive() | send(-5) |
Execution scenario (post part):
[]

= Iteration 34 / 200 =
Execution scenario (parallel part):
| receive() | send(-10) | receive() |
| receive() | send(9)   | receive() |
| send(-2)  | receive() | receive() |
Execution scenario (post part):
[]

= Iteration 35 / 200 =
Execution scenario (parallel part):
| send(4)   | receive() | receive() |
| receive() | receive() | receive() |
| receive() | receive() | receive() |
Execution scenario (post part):
[]

= Iteration 36 / 200 =
Execution scenario (parallel part):
| receive() | send(5)  | receive() |
| receive() | send(1)  | receive() |
| send(-4)  | send(-1) | send(1)   |
Execution scenario (post part):
[]

= Iteration 37 / 200 =
Execution scenario (parallel part):
| send(1)   | send(-8)  | receive() |
| send(10)  | send(3)   | send(10)  |
| receive() | receive() | receive() |
Execution scenario (post part):
[]

= Iteration 38 / 200 =
Execution scenario (parallel part):
| send(3)   | send(-1) | send(0)   |
| receive() | send(-5) | send(5)   |
| receive() | send(-6) | receive() |
Execution scenario (post part):
[]

= Iteration 39 / 200 =
Execution scenario (parallel part):
| send(-6)  | send(8)  | receive() |
| receive() | send(-9) | receive() |
| send(2)   | send(6)  | receive() |
Execution scenario (post part):
[]

= Iteration 40 / 200 =
Execution scenario (parallel part):
| receive() | send(-8) | receive() |
| receive() | send(-1) | receive() |
| send(0)   | send(1)  | send(-3)  |
Execution scenario (post part):
[]

= Iteration 41 / 200 =
Execution scenario (parallel part):
| receive() | send(7)   | receive() |
| receive() | receive() | send(9)   |
| receive() | send(7)   | send(1)   |
Execution scenario (post part):
[]

= Iteration 42 / 200 =
Execution scenario (parallel part):
| send(-6)  | send(2)   | send(9)   |
| receive() | receive() | send(9)   |
| receive() | receive() | receive() |
Execution scenario (post part):
[]

= Iteration 43 / 200 =
Execution scenario (parallel part):
| receive() | receive() | receive() |
| receive() | send(-2)  | send(-9)  |
| receive() | receive() | send(-8)  |
Execution scenario (post part):
[]

= Iteration 44 / 200 =
Execution scenario (parallel part):
| send(-5)  | send(-9)  | send(-1)  |
| send(-9)  | receive() | receive() |
| receive() | receive() | send(3)   |
Execution scenario (post part):
[]

= Iteration 45 / 200 =
Execution scenario (parallel part):
| receive() | send(1)   | send(-10) |
| send(-2)  | receive() | receive() |
| receive() | send(-7)  | send(-4)  |
Execution scenario (post part):
[]

= Iteration 46 / 200 =
Execution scenario (parallel part):
| receive() | send(-8)  | receive() |
| send(0)   | receive() | receive() |
| receive() | receive() | receive() |
Execution scenario (post part):
[]

= Iteration 47 / 200 =
Execution scenario (parallel part):
| send(7)   | send(6)   | send(-7)  |
| receive() | receive() | send(4)   |
| receive() | receive() | receive() |
Execution scenario (post part):
[]

= Iteration 48 / 200 =
Execution scenario (parallel part):
| receive() | send(-10) | send(5)   |
| send(-1)  | receive() | receive() |
| receive() | receive() | receive() |
Execution scenario (post part):
[]

= Iteration 49 / 200 =
Execution scenario (parallel part):
| send(-8) | receive() | send(8)   |
| send(0)  | send(-9)  | send(10)  |
| send(3)  | receive() | receive() |
Execution scenario (post part):
[]

= Iteration 50 / 200 =
Execution scenario (parallel part):
| send(-5)  | receive() | send(-9) |
| send(-9)  | send(1)   | send(-7) |
| receive() | receive() | send(-6) |
Execution scenario (post part):
[]

= Iteration 51 / 200 =
Execution scenario (parallel part):
| send(2)  | send(-3)  | send(1)   |
| send(4)  | send(0)   | send(8)   |
| send(-7) | send(-10) | receive() |
Execution scenario (post part):
[]

= Iteration 52 / 200 =
Execution scenario (parallel part):
| send(4)   | receive() | send(-1)  |
| receive() | receive() | send(-1)  |
| send(1)   | send(-1)  | receive() |
Execution scenario (post part):
[]

= Iteration 53 / 200 =
Execution scenario (parallel part):
| send(9)  | receive() | receive() |
| send(-8) | send(1)   | receive() |
| send(-5) | send(-4)  | receive() |
Execution scenario (post part):
[]

= Iteration 54 / 200 =
Execution scenario (parallel part):
| receive() | receive() | send(-1)  |
| send(6)   | receive() | receive() |
| receive() | receive() | receive() |
Execution scenario (post part):
[]

= Iteration 55 / 200 =
Execution scenario (parallel part):
| receive() | send(10)  | receive() |
| receive() | receive() | send(10)  |
| receive() | receive() | send(-2)  |
Execution scenario (post part):
[]

= Iteration 56 / 200 =
Execution scenario (parallel part):
| receive() | receive() | receive() |
| receive() | send(9)   | receive() |
| send(5)   | send(-2)  | send(-8)  |
Execution scenario (post part):
[]

= Iteration 57 / 200 =
Execution scenario (parallel part):
| receive() | send(-5)  | receive() |
| receive() | send(1)   | send(6)   |
| send(3)   | receive() | receive() |
Execution scenario (post part):
[]

= Iteration 58 / 200 =
Execution scenario (parallel part):
| receive() | send(9)   | receive() |
| send(-7)  | receive() | send(-10) |
| receive() | receive() | receive() |
Execution scenario (post part):
[]

= Iteration 59 / 200 =
Execution scenario (parallel part):
| receive() | send(-1)  | send(3)   |
| send(5)   | receive() | receive() |
| receive() | send(-10) | send(6)   |
Execution scenario (post part):
[]

= Iteration 60 / 200 =
Execution scenario (parallel part):
| send(-3)  | receive() | send(8)   |
| send(5)   | send(-10) | receive() |
| receive() | receive() | receive() |
Execution scenario (post part):
[]

= Iteration 61 / 200 =
Execution scenario (parallel part):
| receive() | receive() | receive() |
| send(0)   | receive() | send(10)  |
| receive() | send(1)   | send(1)   |
Execution scenario (post part):
[]

= Iteration 62 / 200 =
Execution scenario (parallel part):
| send(-3)  | send(-5)  | send(-9)  |
| receive() | send(1)   | send(-10) |
| receive() | receive() | send(-3)  |
Execution scenario (post part):
[]

= Iteration 63 / 200 =
Execution scenario (parallel part):
| receive() | receive() | send(8)   |
| receive() | send(-1)  | receive() |
| receive() | send(-3)  | receive() |
Execution scenario (post part):
[]

= Iteration 64 / 200 =
Execution scenario (parallel part):
| send(9)   | send(-4)  | receive() |
| receive() | receive() | send(6)   |
| receive() | send(-5)  | send(9)   |
Execution scenario (post part):
[]

= Iteration 65 / 200 =
Execution scenario (parallel part):
| receive() | send(-8) | send(2)   |
| receive() | send(-1) | send(-2)  |
| send(2)   | send(5)  | receive() |
Execution scenario (post part):
[]

= Iteration 66 / 200 =
Execution scenario (parallel part):
| send(-6)  | receive() | receive() |
| receive() | receive() | receive() |
| send(4)   | receive() | receive() |
Execution scenario (post part):
[]

= Iteration 67 / 200 =
Execution scenario (parallel part):
| receive() | send(5)   | receive() |
| send(9)   | receive() | send(9)   |
| send(-3)  | send(-6)  | send(-7)  |
Execution scenario (post part):
[]

= Iteration 68 / 200 =
Execution scenario (parallel part):
| receive() | receive() | send(7)   |
| send(-5)  | receive() | receive() |
| send(10)  | send(3)   | receive() |
Execution scenario (post part):
[]

= Iteration 69 / 200 =
Execution scenario (parallel part):
| receive() | send(-4)  | send(-6)  |
| receive() | receive() | receive() |
| receive() | send(-7)  | send(8)   |
Execution scenario (post part):
[]

= Iteration 70 / 200 =
Execution scenario (parallel part):
| receive() | receive() | receive() |
| receive() | receive() | receive() |
| send(8)   | send(3)   | send(1)   |
Execution scenario (post part):
[]

= Iteration 71 / 200 =
Execution scenario (parallel part):
| receive() | send(-4)  | send(7)   |
| receive() | send(-1)  | send(-8)  |
| send(-10) | receive() | receive() |
Execution scenario (post part):
[]

= Iteration 72 / 200 =
Execution scenario (parallel part):
| receive() | receive() | send(2)   |
| receive() | receive() | receive() |
| send(-8)  | send(0)   | receive() |
Execution scenario (post part):
[]

= Iteration 73 / 200 =
Execution scenario (parallel part):
| send(0)   | send(6)   | send(-9)  |
| receive() | send(-5)  | send(1)   |
| receive() | receive() | receive() |
Execution scenario (post part):
[]

= Iteration 74 / 200 =
Execution scenario (parallel part):
| receive() | send(2)   | send(-3)  |
| receive() | send(-10) | receive() |
| send(0)   | send(9)   | receive() |
Execution scenario (post part):
[]

= Iteration 75 / 200 =
Execution scenario (parallel part):
| send(-4)  | send(-4)  | receive() |
| send(10)  | receive() | receive() |
| receive() | send(2)   | receive() |
Execution scenario (post part):
[]

= Iteration 76 / 200 =
Execution scenario (parallel part):
| receive() | send(-7)  | send(2)   |
| send(3)   | receive() | receive() |
| receive() | receive() | send(2)   |
Execution scenario (post part):
[]

= Iteration 77 / 200 =
Execution scenario (parallel part):
| send(-7)  | receive() | receive() |
| receive() | receive() | send(9)   |
| send(3)   | receive() | receive() |
Execution scenario (post part):
[]

= Iteration 78 / 200 =
Execution scenario (parallel part):
| send(9)   | send(-5) | receive() |
| receive() | send(-5) | send(2)   |
| send(5)   | send(5)  | receive() |
Execution scenario (post part):
[]

= Iteration 79 / 200 =
Execution scenario (parallel part):
| receive() | send(2)  | receive() |
| receive() | send(-8) | receive() |
| receive() | send(7)  | receive() |
Execution scenario (post part):
[]

= Iteration 80 / 200 =
Execution scenario (parallel part):
| send(-9)  | receive() | send(-7)  |
| send(2)   | receive() | receive() |
| receive() | send(2)   | receive() |
Execution scenario (post part):
[]

= Iteration 81 / 200 =
Execution scenario (parallel part):
| receive() | send(-1) | send(0)   |
| send(-6)  | send(-2) | receive() |
| send(-3)  | send(-1) | send(-7)  |
Execution scenario (post part):
[]

= Iteration 82 / 200 =
Execution scenario (parallel part):
| receive() | receive() | receive() |
| receive() | receive() | receive() |
| receive() | receive() | receive() |
Execution scenario (post part):
[]

= Iteration 83 / 200 =
Execution scenario (parallel part):
| send(9)  | send(-1)  | send(3)   |
| send(-3) | send(2)   | receive() |
| send(-1) | receive() | send(-3)  |
Execution scenario (post part):
[]

= Iteration 84 / 200 =
Execution scenario (parallel part):
| receive() | send(-2)  | send(-1)  |
| receive() | receive() | receive() |
| receive() | receive() | receive() |
Execution scenario (post part):
[]

= Iteration 85 / 200 =
Execution scenario (parallel part):
| send(3)  | send(5)   | send(8)   |
| send(0)  | receive() | receive() |
| send(-1) | receive() | receive() |
Execution scenario (post part):
[]

= Iteration 86 / 200 =
Execution scenario (parallel part):
| send(7)   | receive() | send(-3) |
| send(1)   | send(-5)  | send(8)  |
| receive() | receive() | send(-4) |
Execution scenario (post part):
[]

= Iteration 87 / 200 =
Execution scenario (parallel part):
| receive() | send(5)  | send(6)   |
| send(8)   | send(1)  | send(-7)  |
| send(6)   | send(-4) | receive() |
Execution scenario (post part):
[]

= Iteration 88 / 200 =
Execution scenario (parallel part):
| send(-9)  | receive() | receive() |
| send(2)   | send(-3)  | receive() |
| receive() | send(-1)  | receive() |
Execution scenario (post part):
[]

= Iteration 89 / 200 =
Execution scenario (parallel part):
| receive() | send(0)   | send(7) |
| send(10)  | receive() | send(5) |
| send(-10) | send(3)   | send(7) |
Execution scenario (post part):
[]

= Iteration 90 / 200 =
Execution scenario (parallel part):
| send(9)   | send(-4)  | receive() |
| send(6)   | receive() | receive() |
| receive() | send(-3)  | send(9)   |
Execution scenario (post part):
[]

= Iteration 91 / 200 =
Execution scenario (parallel part):
| receive() | receive() | send(-7)  |
| receive() | send(-2)  | receive() |
| receive() | receive() | receive() |
Execution scenario (post part):
[]

= Iteration 92 / 200 =
Execution scenario (parallel part):
| send(-5)  | send(5)  | receive() |
| send(-10) | send(-4) | receive() |
| send(-6)  | send(-3) | receive() |
Execution scenario (post part):
[]

= Iteration 93 / 200 =
Execution scenario (parallel part):
| receive() | send(-6)  | receive() |
| send(-10) | receive() | send(5)   |
| send(0)   | receive() | send(5)   |
Execution scenario (post part):
[]

= Iteration 94 / 200 =
Execution scenario (parallel part):
| send(1)  | receive() | receive() |
| send(10) | send(10)  | receive() |
| send(-1) | send(-4)  | receive() |
Execution scenario (post part):
[]

= Iteration 95 / 200 =
Execution scenario (parallel part):
| receive() | receive() | receive() |
| send(8)   | send(6)   | receive() |
| send(1)   | send(-4)  | send(4)   |
Execution scenario (post part):
[]

= Iteration 96 / 200 =
Execution scenario (parallel part):
| receive() | receive() | receive() |
| send(-7)  | send(-4)  | send(-9)  |
| send(7)   | receive() | receive() |
Execution scenario (post part):
[]

= Iteration 97 / 200 =
Execution scenario (parallel part):
| receive() | receive() | send(0)  |
| receive() | receive() | send(2)  |
| receive() | receive() | send(10) |
Execution scenario (post part):
[]

= Iteration 98 / 200 =
Execution scenario (parallel part):
| receive() | receive() | receive() |
| receive() | receive() | receive() |
| send(0)   | receive() | receive() |
Execution scenario (post part):
[]

= Iteration 99 / 200 =
Execution scenario (parallel part):
| receive() | send(-1)  | receive() |
| send(7)   | receive() | receive() |
| send(-7)  | receive() | receive() |
Execution scenario (post part):
[]

= Iteration 100 / 200 =
Execution scenario (parallel part):
| receive() | send(8) | send(3) |
| send(10)  | send(7) | send(6) |
| receive() | send(3) | send(9) |
Execution scenario (post part):
[]

= Iteration 101 / 200 =
Execution scenario (parallel part):
| receive() | receive() | receive() |
| send(5)   | receive() | send(3)   |
| send(1)   | send(8)   | receive() |
Execution scenario (post part):
[]

= Iteration 102 / 200 =
Execution scenario (parallel part):
| send(-9)  | send(-5) | receive() |
| receive() | send(-4) | receive() |
| receive() | send(6)  | send(6)   |
Execution scenario (post part):
[]

= Iteration 103 / 200 =
Execution scenario (parallel part):
| receive() | receive() | send(-9) |
| receive() | receive() | send(-9) |
| receive() | receive() | send(2)  |
Execution scenario (post part):
[]

= Iteration 104 / 200 =
Execution scenario (parallel part):
| receive() | receive() | send(-8)  |
| receive() | receive() | send(6)   |
| send(-8)  | send(-8)  | receive() |
Execution scenario (post part):
[]

= Iteration 105 / 200 =
Execution scenario (parallel part):
| send(-7)  | receive() | receive() |
| receive() | receive() | receive() |
| send(-9)  | send(-10) | send(10)  |
Execution scenario (post part):
[]

= Iteration 106 / 200 =
Execution scenario (parallel part):
| receive() | receive() | receive() |
| send(7)   | send(-6)  | receive() |
| receive() | send(3)   | send(-2)  |
Execution scenario (post part):
[]

= Iteration 107 / 200 =
Execution scenario (parallel part):
| receive() | send(5)  | send(8)  |
| send(8)   | send(-4) | send(4)  |
| receive() | send(-7) | send(-4) |
Execution scenario (post part):
[]

= Iteration 108 / 200 =
Execution scenario (parallel part):
| send(-3)  | send(2)  | send(8)   |
| send(4)   | send(-7) | receive() |
| receive() | send(-3) | receive() |
Execution scenario (post part):
[]

= Iteration 109 / 200 =
Execution scenario (parallel part):
| receive() | receive() | receive() |
| receive() | receive() | receive() |
| receive() | receive() | send(-4)  |
Execution scenario (post part):
[]

= Iteration 110 / 200 =
Execution scenario (parallel part):
| send(-1) | receive() | send(8)   |
| send(4)  | receive() | receive() |
| send(-1) | send(4)   | receive() |
Execution scenario (post part):
[]

= Iteration 111 / 200 =
Execution scenario (parallel part):
| receive() | receive() | receive() |
| receive() | receive() | send(3)   |
| send(5)   | send(8)   | receive() |
Execution scenario (post part):
[]

= Iteration 112 / 200 =
Execution scenario (parallel part):
| receive() | receive() | receive() |
| send(7)   | receive() | receive() |
| receive() | send(-10) | send(-6)  |
Execution scenario (post part):
[]

= Iteration 113 / 200 =
Execution scenario (parallel part):
| send(8)   | send(-7)  | send(10) |
| receive() | receive() | send(-3) |
| send(1)   | receive() | send(-9) |
Execution scenario (post part):
[]

= Iteration 114 / 200 =
Execution scenario (parallel part):
| receive() | send(1)   | send(7)   |
| send(3)   | receive() | send(3)   |
| receive() | send(-3)  | receive() |
Execution scenario (post part):
[]

= Iteration 115 / 200 =
Execution scenario (parallel part):
| send(9)   | receive() | receive() |
| receive() | receive() | receive() |
| send(-10) | send(8)   | receive() |
Execution scenario (post part):
[]

= Iteration 116 / 200 =
Execution scenario (parallel part):
| receive() | receive() | send(-9)  |
| receive() | send(-5)  | receive() |
| receive() | send(9)   | send(10)  |
Execution scenario (post part):
[]

= Iteration 117 / 200 =
Execution scenario (parallel part):
| receive() | receive() | send(-8)  |
| send(-10) | send(-5)  | receive() |
| receive() | send(-8)  | receive() |
Execution scenario (post part):
[]

= Iteration 118 / 200 =
Execution scenario (parallel part):
| send(4)   | receive() | receive() |
| receive() | receive() | send(-8)  |
| send(-6)  | send(6)   | send(-4)  |
Execution scenario (post part):
[]

= Iteration 119 / 200 =
Execution scenario (parallel part):
| send(2)   | receive() | send(-7) |
| send(10)  | send(-3)  | send(9)  |
| receive() | send(5)   | send(2)  |
Execution scenario (post part):
[]

= Iteration 120 / 200 =
Execution scenario (parallel part):
| receive() | receive() | receive() |
| send(6)   | receive() | receive() |
| send(8)   | receive() | send(6)   |
Execution scenario (post part):
[]

= Iteration 121 / 200 =
Execution scenario (parallel part):
| receive() | receive() | receive() |
| receive() | receive() | send(-9)  |
| receive() | receive() | receive() |
Execution scenario (post part):
[]

= Iteration 122 / 200 =
Execution scenario (parallel part):
| send(-3) | receive() | send(-4)  |
| send(0)  | send(8)   | receive() |
| send(-8) | receive() | send(10)  |
Execution scenario (post part):
[]

= Iteration 123 / 200 =
Execution scenario (parallel part):
| send(-7)  | receive() | receive() |
| send(3)   | send(-4)  | receive() |
| receive() | send(3)   | send(5)   |
Execution scenario (post part):
[]

= Iteration 124 / 200 =
Execution scenario (parallel part):
| receive() | send(-8)  | receive() |
| receive() | receive() | receive() |
| send(-4)  | send(-5)  | receive() |
Execution scenario (post part):
[]

= Iteration 125 / 200 =
Execution scenario (parallel part):
| receive() | receive() | receive() |
| send(2)   | receive() | receive() |
| send(3)   | send(-3)  | receive() |
Execution scenario (post part):
[]

= Iteration 126 / 200 =
Execution scenario (parallel part):
| receive() | send(-7)  | receive() |
| send(-8)  | send(-10) | send(-3)  |
| send(6)   | receive() | send(2)   |
Execution scenario (post part):
[]

= Iteration 127 / 200 =
Execution scenario (parallel part):
| receive() | receive() | receive() |
| receive() | receive() | receive() |
| send(-9)  | receive() | send(-1)  |
Execution scenario (post part):
[]

= Iteration 128 / 200 =
Execution scenario (parallel part):
| send(-8)  | send(2)  | receive() |
| send(-5)  | send(-9) | send(7)   |
| receive() | send(-1) | send(-4)  |
Execution scenario (post part):
[]

= Iteration 129 / 200 =
Execution scenario (parallel part):
| receive() | send(5) | send(-6)  |
| send(-7)  | send(2) | send(2)   |
| send(-1)  | send(1) | receive() |
Execution scenario (post part):
[]

= Iteration 130 / 200 =
Execution scenario (parallel part):
| send(-7)  | receive() | receive() |
| receive() | receive() | send(8)   |
| send(-5)  | receive() | receive() |
Execution scenario (post part):
[]

= Iteration 131 / 200 =
Execution scenario (parallel part):
| send(3) | receive() | receive() |
| send(8) | receive() | send(4)   |
| send(4) | receive() | send(-2)  |
Execution scenario (post part):
[]

= Iteration 132 / 200 =
Execution scenario (parallel part):
| receive() | send(2)   | send(-9)  |
| receive() | send(-8)  | receive() |
| receive() | receive() | receive() |
Execution scenario (post part):
[]

= Iteration 133 / 200 =
Execution scenario (parallel part):
| receive() | send(4)   | send(-7)  |
| send(-3)  | send(7)   | send(3)   |
| send(-5)  | receive() | receive() |
Execution scenario (post part):
[]

= Iteration 134 / 200 =
Execution scenario (parallel part):
| send(2)   | receive() | send(2)   |
| receive() | receive() | receive() |
| send(8)   | send(-5)  | receive() |
Execution scenario (post part):
[]

= Iteration 135 / 200 =
Execution scenario (parallel part):
| receive() | send(4)   | send(2)   |
| receive() | send(10)  | send(-4)  |
| receive() | receive() | receive() |
Execution scenario (post part):
[]

= Iteration 136 / 200 =
Execution scenario (parallel part):
| send(-2) | receive() | receive() |
| send(-7) | receive() | receive() |
| send(1)  | receive() | receive() |
Execution scenario (post part):
[]

= Iteration 137 / 200 =
Execution scenario (parallel part):
| send(1) | receive() | send(2)   |
| send(0) | receive() | receive() |
| send(1) | receive() | receive() |
Execution scenario (post part):
[]

= Iteration 138 / 200 =
Execution scenario (parallel part):
| send(-9) | receive() | receive() |
| send(4)  | receive() | receive() |
| send(-4) | receive() | send(-8)  |
Execution scenario (post part):
[]

= Iteration 139 / 200 =
Execution scenario (parallel part):
| receive() | receive() | receive() |
| send(3)   | send(7)   | receive() |
| receive() | send(0)   | send(-5)  |
Execution scenario (post part):
[]

= Iteration 140 / 200 =
Execution scenario (parallel part):
| receive() | receive() | send(-10) |
| send(-3)  | receive() | send(7)   |
| receive() | receive() | send(-10) |
Execution scenario (post part):
[]

= Iteration 141 / 200 =
Execution scenario (parallel part):
| send(-9)  | receive() | receive() |
| receive() | send(0)   | send(-1)  |
| send(10)  | receive() | receive() |
Execution scenario (post part):
[]

= Iteration 142 / 200 =
Execution scenario (parallel part):
| send(3) | send(3)   | send(-10) |
| send(9) | receive() | receive() |
| send(8) | send(-2)  | receive() |
Execution scenario (post part):
[]

= Iteration 143 / 200 =
Execution scenario (parallel part):
| receive() | send(-2)  | send(8)  |
| receive() | send(-6)  | send(3)  |
| receive() | receive() | send(10) |
Execution scenario (post part):
[]

= Iteration 144 / 200 =
Execution scenario (parallel part):
| receive() | receive() | receive() |
| send(5)   | receive() | send(-10) |
| send(7)   | receive() | receive() |
Execution scenario (post part):
[]

= Iteration 145 / 200 =
Execution scenario (parallel part):
| receive() | receive() | send(-3)  |
| receive() | send(-5)  | send(0)   |
| receive() | send(-8)  | receive() |
Execution scenario (post part):
[]

= Iteration 146 / 200 =
Execution scenario (parallel part):
| send(7)   | send(-4)  | send(9)   |
| receive() | receive() | receive() |
| receive() | send(5)   | send(0)   |
Execution scenario (post part):
[]

= Iteration 147 / 200 =
Execution scenario (parallel part):
| send(-10) | send(-9)  | receive() |
| receive() | receive() | receive() |
| receive() | send(-6)  | receive() |
Execution scenario (post part):
[]

= Iteration 148 / 200 =
Execution scenario (parallel part):
| receive() | receive() | receive() |
| receive() | send(-6)  | receive() |
| receive() | send(10)  | send(4)   |
Execution scenario (post part):
[]

= Iteration 149 / 200 =
Execution scenario (parallel part):
| send(8)   | send(2)   | send(10)  |
| receive() | receive() | send(5)   |
| receive() | receive() | receive() |
Execution scenario (post part):
[]

= Iteration 150 / 200 =
Execution scenario (parallel part):
| receive() | receive() | send(-8)  |
| send(6)   | send(-8)  | send(5)   |
| receive() | receive() | receive() |
Execution scenario (post part):
[]

= Iteration 151 / 200 =
Execution scenario (parallel part):
| receive() | receive() | send(2)   |
| receive() | send(2)   | receive() |
| send(0)   | send(-6)  | send(-4)  |
Execution scenario (post part):
[]

= Iteration 152 / 200 =
Execution scenario (parallel part):
| receive() | receive() | receive() |
| send(5)   | send(-4)  | send(-9)  |
| receive() | send(-5)  | receive() |
Execution scenario (post part):
[]

= Iteration 153 / 200 =
Execution scenario (parallel part):
| receive() | send(-7)  | send(8)  |
| send(-8)  | receive() | send(-3) |
| receive() | send(-5)  | send(9)  |
Execution scenario (post part):
[]

= Iteration 154 / 200 =
Execution scenario (parallel part):
| send(1)   | receive() | receive() |
| receive() | send(-6)  | receive() |
| receive() | receive() | receive() |
Execution scenario (post part):
[]

= Iteration 155 / 200 =
Execution scenario (parallel part):
| receive() | send(6)  | receive() |
| send(6)   | send(9)  | send(-7)  |
| send(7)   | send(-2) | receive() |
Execution scenario (post part):
[]

= Iteration 156 / 200 =
Execution scenario (parallel part):
| receive() | send(-10) | send(8)   |
| receive() | send(4)   | receive() |
| receive() | send(6)   | send(-4)  |
Execution scenario (post part):
[]

= Iteration 157 / 200 =
Execution scenario (parallel part):
| send(-3)  | send(-3)  | receive() |
| receive() | receive() | receive() |
| receive() | send(-8)  | send(-10) |
Execution scenario (post part):
[]

= Iteration 158 / 200 =
Execution scenario (parallel part):
| send(5)   | send(6)   | send(-4)  |
| send(3)   | send(7)   | send(-6)  |
| receive() | receive() | receive() |
Execution scenario (post part):
[]

= Iteration 159 / 200 =
Execution scenario (parallel part):
| receive() | send(2)   | receive() |
| send(-6)  | receive() | receive() |
| send(-2)  | send(10)  | send(-10) |
Execution scenario (post part):
[]

= Iteration 160 / 200 =
Execution scenario (parallel part):
| receive() | receive() | receive() |
| receive() | send(-3)  | receive() |
| send(-1)  | send(6)   | send(5)   |
Execution scenario (post part):
[]

= Iteration 161 / 200 =
Execution scenario (parallel part):
| receive() | send(-5)  | receive() |
| send(-10) | send(4)   | send(2)   |
| send(7)   | receive() | send(5)   |
Execution scenario (post part):
[]

= Iteration 162 / 200 =
Execution scenario (parallel part):
| send(7)   | receive() | send(4) |
| receive() | receive() | send(7) |
| send(-1)  | send(8)   | send(3) |
Execution scenario (post part):
[]

= Iteration 163 / 200 =
Execution scenario (parallel part):
| send(8)   | receive() | receive() |
| receive() | send(2)   | send(4)   |
| send(4)   | receive() | receive() |
Execution scenario (post part):
[]

= Iteration 164 / 200 =
Execution scenario (parallel part):
| receive() | receive() | send(-1)  |
| send(4)   | send(-3)  | send(6)   |
| send(-1)  | send(10)  | receive() |
Execution scenario (post part):
[]

= Iteration 165 / 200 =
Execution scenario (parallel part):
| send(4)   | send(8)   | send(-10) |
| send(-6)  | receive() | receive() |
| receive() | send(-8)  | receive() |
Execution scenario (post part):
[]

= Iteration 166 / 200 =
Execution scenario (parallel part):
| send(-8) | receive() | send(6)  |
| send(4)  | send(-9)  | send(-1) |
| send(-4) | send(5)   | send(-7) |
Execution scenario (post part):
[]

= Iteration 167 / 200 =
Execution scenario (parallel part):
| receive() | receive() | receive() |
| receive() | receive() | send(-5)  |
| send(-10) | receive() | receive() |
Execution scenario (post part):
[]

= Iteration 168 / 200 =
Execution scenario (parallel part):
| send(-2) | send(2)  | receive() |
| send(8)  | send(5)  | receive() |
| send(8)  | send(10) | receive() |
Execution scenario (post part):
[]

= Iteration 169 / 200 =
Execution scenario (parallel part):
| send(-8) | receive() | receive() |
| send(-5) | send(6)   | send(10)  |
| send(7)  | send(3)   | receive() |
Execution scenario (post part):
[]

= Iteration 170 / 200 =
Execution scenario (parallel part):
| receive() | receive() | receive() |
| send(5)   | receive() | send(-2)  |
| send(9)   | send(-1)  | receive() |
Execution scenario (post part):
[]

= Iteration 171 / 200 =
Execution scenario (parallel part):
| receive() | send(2)   | send(-2)  |
| send(0)   | receive() | send(-7)  |
| receive() | receive() | receive() |
Execution scenario (post part):
[]

= Iteration 172 / 200 =
Execution scenario (parallel part):
| send(3)   | receive() | receive() |
| send(5)   | send(-9)  | send(-8)  |
| receive() | send(-3)  | send(8)   |
Execution scenario (post part):
[]

= Iteration 173 / 200 =
Execution scenario (parallel part):
| receive() | send(-6) | receive() |
| send(-8)  | send(1)  | receive() |
| send(10)  | send(-6) | send(3)   |
Execution scenario (post part):
[]

= Iteration 174 / 200 =
Execution scenario (parallel part):
| receive() | receive() | send(3)   |
| send(9)   | send(-2)  | receive() |
| receive() | receive() | receive() |
Execution scenario (post part):
[]

= Iteration 175 / 200 =
Execution scenario (parallel part):
| send(6)  | receive() | send(-7)  |
| send(2)  | send(4)   | receive() |
| send(-6) | send(-3)  | send(-3)  |
Execution scenario (post part):
[]

= Iteration 176 / 200 =
Execution scenario (parallel part):
| receive() | send(-1)  | receive() |
| send(-8)  | send(-7)  | send(-2)  |
| receive() | receive() | receive() |
Execution scenario (post part):
[]

= Iteration 177 / 200 =
Execution scenario (parallel part):
| receive() | send(-4)  | receive() |
| send(-8)  | receive() | receive() |
| send(3)   | send(3)   | receive() |
Execution scenario (post part):
[]

= Iteration 178 / 200 =
Execution scenario (parallel part):
| receive() | send(-7) | receive() |
| send(3)   | send(9)  | receive() |
| receive() | send(-6) | send(1)   |
Execution scenario (post part):
[]

= Iteration 179 / 200 =
Execution scenario (parallel part):
| receive() | receive() | receive() |
| receive() | receive() | send(8)   |
| receive() | receive() | send(-5)  |
Execution scenario (post part):
[]

= Iteration 180 / 200 =
Execution scenario (parallel part):
| send(-2)  | receive() | send(4)   |
| send(3)   | send(-1)  | receive() |
| receive() | receive() | send(-2)  |
Execution scenario (post part):
[]

= Iteration 181 / 200 =
Execution scenario (parallel part):
| send(5)   | send(6)   | send(-8)  |
| receive() | receive() | receive() |
| receive() | send(-7)  | send(6)   |
Execution scenario (post part):
[]

= Iteration 182 / 200 =
Execution scenario (parallel part):
| send(6)   | send(-8)  | receive() |
| send(2)   | receive() | send(-2)  |
| receive() | send(-5)  | send(8)   |
Execution scenario (post part):
[]

= Iteration 183 / 200 =
Execution scenario (parallel part):
| send(-3)  | send(-2)  | receive() |
| send(0)   | send(-7)  | receive() |
| receive() | receive() | send(10)  |
Execution scenario (post part):
[]

= Iteration 184 / 200 =
Execution scenario (parallel part):
| receive() | send(-9)  | receive() |
| send(-6)  | receive() | send(7)   |
| send(-4)  | send(-4)  | send(2)   |
Execution scenario (post part):
[]

= Iteration 185 / 200 =
Execution scenario (parallel part):
| receive() | send(2)   | receive() |
| receive() | send(-9)  | send(6)   |
| receive() | receive() | receive() |
Execution scenario (post part):
[]

= Iteration 186 / 200 =
Execution scenario (parallel part):
| send(-5) | send(-3)  | receive() |
| send(2)  | receive() | receive() |
| send(5)  | receive() | receive() |
Execution scenario (post part):
[]

= Iteration 187 / 200 =
Execution scenario (parallel part):
| receive() | receive() | send(2)   |
| receive() | receive() | receive() |
| receive() | receive() | send(5)   |
Execution scenario (post part):
[]

= Iteration 188 / 200 =
Execution scenario (parallel part):
| receive() | receive() | receive() |
| send(-9)  | receive() | receive() |
| receive() | send(10)  | send(8)   |
Execution scenario (post part):
[]

= Iteration 189 / 200 =
Execution scenario (parallel part):
| receive() | send(-10) | send(2)   |
| send(5)   | send(-3)  | send(-6)  |
| send(0)   | receive() | receive() |
Execution scenario (post part):
[]

= Iteration 190 / 200 =
Execution scenario (parallel part):
| send(1) | send(-3)  | receive() |
| send(6) | receive() | send(-4)  |
| send(1) | send(-9)  | receive() |
Execution scenario (post part):
[]

= Iteration 191 / 200 =
Execution scenario (parallel part):
| receive() | receive() | receive() |
| send(0)   | receive() | receive() |
| send(-4)  | send(7)   | send(7)   |
Execution scenario (post part):
[]

= Iteration 192 / 200 =
Execution scenario (parallel part):
| send(-1)  | receive() | send(5)   |
| send(7)   | send(7)   | receive() |
| receive() | receive() | receive() |
Execution scenario (post part):
[]

= Iteration 193 / 200 =
Execution scenario (parallel part):
| send(1)   | receive() | send(-5)  |
| receive() | send(9)   | receive() |
| receive() | receive() | receive() |
Execution scenario (post part):
[]

= Iteration 194 / 200 =
Execution scenario (parallel part):
| receive() | send(9)   | receive() |
| receive() | receive() | send(-2)  |
| send(8)   | receive() | receive() |
Execution scenario (post part):
[]

= Iteration 195 / 200 =
Execution scenario (parallel part):
| send(4)   | send(-10) | send(1)   |
| receive() | send(-4)  | receive() |
| receive() | receive() | send(-1)  |
Execution scenario (post part):
[]

= Iteration 196 / 200 =
Execution scenario (parallel part):
| receive() | send(6) | send(-5) |
| send(-5)  | send(4) | send(5)  |
| send(-5)  | send(8) | send(-7) |
Execution scenario (post part):
[]

= Iteration 197 / 200 =
Execution scenario (parallel part):
| receive() | receive() | send(-6)  |
| receive() | send(8)   | send(-2)  |
| receive() | send(-4)  | receive() |
Execution scenario (post part):
[]

= Iteration 198 / 200 =
Execution scenario (parallel part):
| receive() | receive() | send(-8)  |
| send(-9)  | send(2)   | receive() |
| receive() | send(-2)  | send(0)   |
Execution scenario (post part):
[]

= Iteration 199 / 200 =
Execution scenario (parallel part):
| send(7)   | receive() | receive() |
| send(3)   | receive() | receive() |
| receive() | send(5)   | receive() |
Execution scenario (post part):
[]

= Iteration 200 / 200 =
Execution scenario (parallel part):
| receive() | receive() | send(3)   |
| receive() | send(-2)  | receive() |
| receive() | send(1)   | receive() |
Execution scenario (post part):
[]
]]></system-out>
  <system-err><![CDATA[]]></system-err>
</testsuite>
