<?xml version="1.0" encoding="UTF-8"?>
<testsuite name="LockFreedomTest" tests="1" skipped="0" failures="0" errors="0" timestamp="2019-10-22T00:17:43" hostname="spb-nsavinov1" time="5.868">
  <properties/>
  <testcase name="testLockFreedom" classname="LockFreedomTest" time="5.868"/>
  <system-out><![CDATA[=== LockFreedomTest
--- 0: Performed 0 operations
--- 1: Performed 896403 operations (pause/resumes 339)
--- 2: Performed 1326898 operations (pause/resumes 339)
--- 3: Performed 1405580 operations (pause/resumes 339)
--- 4: Performed 1422868 operations (pause/resumes 339)
--- 5: Performed 1439217 operations (pause/resumes 339)
------ Done with 1440057 operations (pause/resumes 340)
]]></system-out>
  <system-err><![CDATA[]]></system-err>
</testsuite>
