<?xml version="1.0" encoding="UTF-8"?>
<testsuite name="CorrectnessTest" tests="4" skipped="0" failures="0" errors="0" timestamp="2019-10-22T00:17:55" hostname="spb-nsavinov1" time="0.987">
  <properties/>
  <testcase name="testConcurrentRandom" classname="CorrectnessTest" time="0.165"/>
  <testcase name="testSolutionClass" classname="CorrectnessTest" time="0.0"/>
  <testcase name="testRandom" classname="CorrectnessTest" time="0.822"/>
  <testcase name="testSimple" classname="CorrectnessTest" time="0.0"/>
  <system-out><![CDATA[]]></system-out>
  <system-err><![CDATA[]]></system-err>
</testsuite>
