<?xml version="1.0" encoding="UTF-8"?>
<testsuite name="CorrectnessTest" tests="2" skipped="0" failures="0" errors="0" timestamp="2019-10-27T15:56:00" hostname="spb-nsavinov1" time="0.057">
  <properties/>
  <testcase name="testSpuriousWakeup" classname="CorrectnessTest" time="0.054"/>
  <testcase name="testFCFS" classname="CorrectnessTest" time="0.002"/>
  <system-out><![CDATA[]]></system-out>
  <system-err><![CDATA[]]></system-err>
</testsuite>
